This is pdfTeX, Version 3.14159265-2.6-1.40.18 (TeX Live 2017) (preloaded format=pdflatex 2017.10.23)  21 FEB 2019 01:34
entering extended mode
 restricted \write18 enabled.
 %&-line parsing enabled.
**main.tex
(./main.tex
LaTeX2e <2017-04-15>
Babel <3.10> and hyphenation patterns for 84 language(s) loaded.
(/usr/local/texlive/2017/texmf-dist/tex/latex/base/article.cls
Document Class: article 2014/09/29 v1.4h Standard LaTeX document class
(/usr/local/texlive/2017/texmf-dist/tex/latex/base/size10.clo
File: size10.clo 2014/09/29 v1.4h Standard LaTeX file (size option)
)
\c@part=\count79
\c@section=\count80
\c@subsection=\count81
\c@subsubsection=\count82
\c@paragraph=\count83
\c@subparagraph=\count84
\c@figure=\count85
\c@table=\count86
\abovecaptionskip=\skip41
\belowcaptionskip=\skip42
\bibindent=\dimen102
)
(/usr/local/texlive/2017/texmf-dist/tex/latex/base/inputenc.sty
Package: inputenc 2015/03/17 v1.2c Input encoding file
\inpenc@prehook=\toks14
\inpenc@posthook=\toks15

(/usr/local/texlive/2017/texmf-dist/tex/latex/base/utf8.def
File: utf8.def 2017/01/28 v1.1t UTF-8 support for inputenc
Now handling font encoding OML ...
... no UTF-8 mapping file for font encoding OML
Now handling font encoding T1 ...
... processing UTF-8 mapping file for font encoding T1

(/usr/local/texlive/2017/texmf-dist/tex/latex/base/t1enc.dfu
File: t1enc.dfu 2017/01/28 v1.1t UTF-8 support for inputenc
   defining Unicode char U+00A0 (decimal 160)
   defining Unicode char U+00A1 (decimal 161)
   defining Unicode char U+00A3 (decimal 163)
   defining Unicode char U+00AB (decimal 171)
   defining Unicode char U+00AD (decimal 173)
   defining Unicode char U+00BB (decimal 187)
   defining Unicode char U+00BF (decimal 191)
   defining Unicode char U+00C0 (decimal 192)
   defining Unicode char U+00C1 (decimal 193)
   defining Unicode char U+00C2 (decimal 194)
   defining Unicode char U+00C3 (decimal 195)
   defining Unicode char U+00C4 (decimal 196)
   defining Unicode char U+00C5 (decimal 197)
   defining Unicode char U+00C6 (decimal 198)
   defining Unicode char U+00C7 (decimal 199)
   defining Unicode char U+00C8 (decimal 200)
   defining Unicode char U+00C9 (decimal 201)
   defining Unicode char U+00CA (decimal 202)
   defining Unicode char U+00CB (decimal 203)
   defining Unicode char U+00CC (decimal 204)
   defining Unicode char U+00CD (decimal 205)
   defining Unicode char U+00CE (decimal 206)
   defining Unicode char U+00CF (decimal 207)
   defining Unicode char U+00D0 (decimal 208)
   defining Unicode char U+00D1 (decimal 209)
   defining Unicode char U+00D2 (decimal 210)
   defining Unicode char U+00D3 (decimal 211)
   defining Unicode char U+00D4 (decimal 212)
   defining Unicode char U+00D5 (decimal 213)
   defining Unicode char U+00D6 (decimal 214)
   defining Unicode char U+00D8 (decimal 216)
   defining Unicode char U+00D9 (decimal 217)
   defining Unicode char U+00DA (decimal 218)
   defining Unicode char U+00DB (decimal 219)
   defining Unicode char U+00DC (decimal 220)
   defining Unicode char U+00DD (decimal 221)
   defining Unicode char U+00DE (decimal 222)
   defining Unicode char U+00DF (decimal 223)
   defining Unicode char U+00E0 (decimal 224)
   defining Unicode char U+00E1 (decimal 225)
   defining Unicode char U+00E2 (decimal 226)
   defining Unicode char U+00E3 (decimal 227)
   defining Unicode char U+00E4 (decimal 228)
   defining Unicode char U+00E5 (decimal 229)
   defining Unicode char U+00E6 (decimal 230)
   defining Unicode char U+00E7 (decimal 231)
   defining Unicode char U+00E8 (decimal 232)
   defining Unicode char U+00E9 (decimal 233)
   defining Unicode char U+00EA (decimal 234)
   defining Unicode char U+00EB (decimal 235)
   defining Unicode char U+00EC (decimal 236)
   defining Unicode char U+00ED (decimal 237)
   defining Unicode char U+00EE (decimal 238)
   defining Unicode char U+00EF (decimal 239)
   defining Unicode char U+00F0 (decimal 240)
   defining Unicode char U+00F1 (decimal 241)
   defining Unicode char U+00F2 (decimal 242)
   defining Unicode char U+00F3 (decimal 243)
   defining Unicode char U+00F4 (decimal 244)
   defining Unicode char U+00F5 (decimal 245)
   defining Unicode char U+00F6 (decimal 246)
   defining Unicode char U+00F8 (decimal 248)
   defining Unicode char U+00F9 (decimal 249)
   defining Unicode char U+00FA (decimal 250)
   defining Unicode char U+00FB (decimal 251)
   defining Unicode char U+00FC (decimal 252)
   defining Unicode char U+00FD (decimal 253)
   defining Unicode char U+00FE (decimal 254)
   defining Unicode char U+00FF (decimal 255)
   defining Unicode char U+0100 (decimal 256)
   defining Unicode char U+0101 (decimal 257)
   defining Unicode char U+0102 (decimal 258)
   defining Unicode char U+0103 (decimal 259)
   defining Unicode char U+0104 (decimal 260)
   defining Unicode char U+0105 (decimal 261)
   defining Unicode char U+0106 (decimal 262)
   defining Unicode char U+0107 (decimal 263)
   defining Unicode char U+0108 (decimal 264)
   defining Unicode char U+0109 (decimal 265)
   defining Unicode char U+010A (decimal 266)
   defining Unicode char U+010B (decimal 267)
   defining Unicode char U+010C (decimal 268)
   defining Unicode char U+010D (decimal 269)
   defining Unicode char U+010E (decimal 270)
   defining Unicode char U+010F (decimal 271)
   defining Unicode char U+0110 (decimal 272)
   defining Unicode char U+0111 (decimal 273)
   defining Unicode char U+0112 (decimal 274)
   defining Unicode char U+0113 (decimal 275)
   defining Unicode char U+0114 (decimal 276)
   defining Unicode char U+0115 (decimal 277)
   defining Unicode char U+0116 (decimal 278)
   defining Unicode char U+0117 (decimal 279)
   defining Unicode char U+0118 (decimal 280)
   defining Unicode char U+0119 (decimal 281)
   defining Unicode char U+011A (decimal 282)
   defining Unicode char U+011B (decimal 283)
   defining Unicode char U+011C (decimal 284)
   defining Unicode char U+011D (decimal 285)
   defining Unicode char U+011E (decimal 286)
   defining Unicode char U+011F (decimal 287)
   defining Unicode char U+0120 (decimal 288)
   defining Unicode char U+0121 (decimal 289)
   defining Unicode char U+0122 (decimal 290)
   defining Unicode char U+0123 (decimal 291)
   defining Unicode char U+0124 (decimal 292)
   defining Unicode char U+0125 (decimal 293)
   defining Unicode char U+0128 (decimal 296)
   defining Unicode char U+0129 (decimal 297)
   defining Unicode char U+012A (decimal 298)
   defining Unicode char U+012B (decimal 299)
   defining Unicode char U+012C (decimal 300)
   defining Unicode char U+012D (decimal 301)
   defining Unicode char U+012E (decimal 302)
   defining Unicode char U+012F (decimal 303)
   defining Unicode char U+0130 (decimal 304)
   defining Unicode char U+0131 (decimal 305)
   defining Unicode char U+0132 (decimal 306)
   defining Unicode char U+0133 (decimal 307)
   defining Unicode char U+0134 (decimal 308)
   defining Unicode char U+0135 (decimal 309)
   defining Unicode char U+0136 (decimal 310)
   defining Unicode char U+0137 (decimal 311)
   defining Unicode char U+0139 (decimal 313)
   defining Unicode char U+013A (decimal 314)
   defining Unicode char U+013B (decimal 315)
   defining Unicode char U+013C (decimal 316)
   defining Unicode char U+013D (decimal 317)
   defining Unicode char U+013E (decimal 318)
   defining Unicode char U+0141 (decimal 321)
   defining Unicode char U+0142 (decimal 322)
   defining Unicode char U+0143 (decimal 323)
   defining Unicode char U+0144 (decimal 324)
   defining Unicode char U+0145 (decimal 325)
   defining Unicode char U+0146 (decimal 326)
   defining Unicode char U+0147 (decimal 327)
   defining Unicode char U+0148 (decimal 328)
   defining Unicode char U+014A (decimal 330)
   defining Unicode char U+014B (decimal 331)
   defining Unicode char U+014C (decimal 332)
   defining Unicode char U+014D (decimal 333)
   defining Unicode char U+014E (decimal 334)
   defining Unicode char U+014F (decimal 335)
   defining Unicode char U+0150 (decimal 336)
   defining Unicode char U+0151 (decimal 337)
   defining Unicode char U+0152 (decimal 338)
   defining Unicode char U+0153 (decimal 339)
   defining Unicode char U+0154 (decimal 340)
   defining Unicode char U+0155 (decimal 341)
   defining Unicode char U+0156 (decimal 342)
   defining Unicode char U+0157 (decimal 343)
   defining Unicode char U+0158 (decimal 344)
   defining Unicode char U+0159 (decimal 345)
   defining Unicode char U+015A (decimal 346)
   defining Unicode char U+015B (decimal 347)
   defining Unicode char U+015C (decimal 348)
   defining Unicode char U+015D (decimal 349)
   defining Unicode char U+015E (decimal 350)
   defining Unicode char U+015F (decimal 351)
   defining Unicode char U+0160 (decimal 352)
   defining Unicode char U+0161 (decimal 353)
   defining Unicode char U+0162 (decimal 354)
   defining Unicode char U+0163 (decimal 355)
   defining Unicode char U+0164 (decimal 356)
   defining Unicode char U+0165 (decimal 357)
   defining Unicode char U+0168 (decimal 360)
   defining Unicode char U+0169 (decimal 361)
   defining Unicode char U+016A (decimal 362)
   defining Unicode char U+016B (decimal 363)
   defining Unicode char U+016C (decimal 364)
   defining Unicode char U+016D (decimal 365)
   defining Unicode char U+016E (decimal 366)
   defining Unicode char U+016F (decimal 367)
   defining Unicode char U+0170 (decimal 368)
   defining Unicode char U+0171 (decimal 369)
   defining Unicode char U+0172 (decimal 370)
   defining Unicode char U+0173 (decimal 371)
   defining Unicode char U+0174 (decimal 372)
   defining Unicode char U+0175 (decimal 373)
   defining Unicode char U+0176 (decimal 374)
   defining Unicode char U+0177 (decimal 375)
   defining Unicode char U+0178 (decimal 376)
   defining Unicode char U+0179 (decimal 377)
   defining Unicode char U+017A (decimal 378)
   defining Unicode char U+017B (decimal 379)
   defining Unicode char U+017C (decimal 380)
   defining Unicode char U+017D (decimal 381)
   defining Unicode char U+017E (decimal 382)
   defining Unicode char U+01CD (decimal 461)
   defining Unicode char U+01CE (decimal 462)
   defining Unicode char U+01CF (decimal 463)
   defining Unicode char U+01D0 (decimal 464)
   defining Unicode char U+01D1 (decimal 465)
   defining Unicode char U+01D2 (decimal 466)
   defining Unicode char U+01D3 (decimal 467)
   defining Unicode char U+01D4 (decimal 468)
   defining Unicode char U+01E2 (decimal 482)
   defining Unicode char U+01E3 (decimal 483)
   defining Unicode char U+01E6 (decimal 486)
   defining Unicode char U+01E7 (decimal 487)
   defining Unicode char U+01E8 (decimal 488)
   defining Unicode char U+01E9 (decimal 489)
   defining Unicode char U+01EA (decimal 490)
   defining Unicode char U+01EB (decimal 491)
   defining Unicode char U+01F0 (decimal 496)
   defining Unicode char U+01F4 (decimal 500)
   defining Unicode char U+01F5 (decimal 501)
   defining Unicode char U+0218 (decimal 536)
   defining Unicode char U+0219 (decimal 537)
   defining Unicode char U+021A (decimal 538)
   defining Unicode char U+021B (decimal 539)
   defining Unicode char U+0232 (decimal 562)
   defining Unicode char U+0233 (decimal 563)
   defining Unicode char U+1E02 (decimal 7682)
   defining Unicode char U+1E03 (decimal 7683)
   defining Unicode char U+200C (decimal 8204)
   defining Unicode char U+2010 (decimal 8208)
   defining Unicode char U+2011 (decimal 8209)
   defining Unicode char U+2012 (decimal 8210)
   defining Unicode char U+2013 (decimal 8211)
   defining Unicode char U+2014 (decimal 8212)
   defining Unicode char U+2015 (decimal 8213)
   defining Unicode char U+2018 (decimal 8216)
   defining Unicode char U+2019 (decimal 8217)
   defining Unicode char U+201A (decimal 8218)
   defining Unicode char U+201C (decimal 8220)
   defining Unicode char U+201D (decimal 8221)
   defining Unicode char U+201E (decimal 8222)
   defining Unicode char U+2030 (decimal 8240)
   defining Unicode char U+2031 (decimal 8241)
   defining Unicode char U+2039 (decimal 8249)
   defining Unicode char U+203A (decimal 8250)
   defining Unicode char U+2423 (decimal 9251)
   defining Unicode char U+1E20 (decimal 7712)
   defining Unicode char U+1E21 (decimal 7713)
)
Now handling font encoding OT1 ...
... processing UTF-8 mapping file for font encoding OT1

(/usr/local/texlive/2017/texmf-dist/tex/latex/base/ot1enc.dfu
File: ot1enc.dfu 2017/01/28 v1.1t UTF-8 support for inputenc
   defining Unicode char U+00A0 (decimal 160)
   defining Unicode char U+00A1 (decimal 161)
   defining Unicode char U+00A3 (decimal 163)
   defining Unicode char U+00AD (decimal 173)
   defining Unicode char U+00B8 (decimal 184)
   defining Unicode char U+00BF (decimal 191)
   defining Unicode char U+00C5 (decimal 197)
   defining Unicode char U+00C6 (decimal 198)
   defining Unicode char U+00D8 (decimal 216)
   defining Unicode char U+00DF (decimal 223)
   defining Unicode char U+00E6 (decimal 230)
   defining Unicode char U+00EC (decimal 236)
   defining Unicode char U+00ED (decimal 237)
   defining Unicode char U+00EE (decimal 238)
   defining Unicode char U+00EF (decimal 239)
   defining Unicode char U+00F8 (decimal 248)
   defining Unicode char U+0131 (decimal 305)
   defining Unicode char U+0141 (decimal 321)
   defining Unicode char U+0142 (decimal 322)
   defining Unicode char U+0152 (decimal 338)
   defining Unicode char U+0153 (decimal 339)
   defining Unicode char U+0174 (decimal 372)
   defining Unicode char U+0175 (decimal 373)
   defining Unicode char U+0176 (decimal 374)
   defining Unicode char U+0177 (decimal 375)
   defining Unicode char U+0218 (decimal 536)
   defining Unicode char U+0219 (decimal 537)
   defining Unicode char U+021A (decimal 538)
   defining Unicode char U+021B (decimal 539)
   defining Unicode char U+2013 (decimal 8211)
   defining Unicode char U+2014 (decimal 8212)
   defining Unicode char U+2018 (decimal 8216)
   defining Unicode char U+2019 (decimal 8217)
   defining Unicode char U+201C (decimal 8220)
   defining Unicode char U+201D (decimal 8221)
)
Now handling font encoding OMS ...
... processing UTF-8 mapping file for font encoding OMS

(/usr/local/texlive/2017/texmf-dist/tex/latex/base/omsenc.dfu
File: omsenc.dfu 2017/01/28 v1.1t UTF-8 support for inputenc
   defining Unicode char U+00A7 (decimal 167)
   defining Unicode char U+00B6 (decimal 182)
   defining Unicode char U+00B7 (decimal 183)
   defining Unicode char U+2020 (decimal 8224)
   defining Unicode char U+2021 (decimal 8225)
   defining Unicode char U+2022 (decimal 8226)
)
Now handling font encoding OMX ...
... no UTF-8 mapping file for font encoding OMX
Now handling font encoding U ...
... no UTF-8 mapping file for font encoding U
   defining Unicode char U+00A9 (decimal 169)
   defining Unicode char U+00AA (decimal 170)
   defining Unicode char U+00AE (decimal 174)
   defining Unicode char U+00BA (decimal 186)
   defining Unicode char U+02C6 (decimal 710)
   defining Unicode char U+02DC (decimal 732)
   defining Unicode char U+200C (decimal 8204)
   defining Unicode char U+2026 (decimal 8230)
   defining Unicode char U+2122 (decimal 8482)
   defining Unicode char U+2423 (decimal 9251)
))
(/usr/local/texlive/2017/texmf-dist/tex/latex/graphics/graphicx.sty
Package: graphicx 2014/10/28 v1.0g Enhanced LaTeX Graphics (DPC,SPQR)

(/usr/local/texlive/2017/texmf-dist/tex/latex/graphics/keyval.sty
Package: keyval 2014/10/28 v1.15 key=value parser (DPC)
\KV@toks@=\toks16
)
(/usr/local/texlive/2017/texmf-dist/tex/latex/graphics/graphics.sty
Package: graphics 2017/04/14 v1.1b Standard LaTeX Graphics (DPC,SPQR)

(/usr/local/texlive/2017/texmf-dist/tex/latex/graphics/trig.sty
Package: trig 2016/01/03 v1.10 sin cos tan (DPC)
)
(/usr/local/texlive/2017/texmf-dist/tex/latex/graphics-cfg/graphics.cfg
File: graphics.cfg 2016/06/04 v1.11 sample graphics configuration
)
Package graphics Info: Driver file: pdftex.def on input line 99.

(/usr/local/texlive/2017/texmf-dist/tex/latex/graphics-def/pdftex.def
File: pdftex.def 2017/01/12 v0.06k Graphics/color for pdfTeX

(/usr/local/texlive/2017/texmf-dist/tex/generic/oberdiek/infwarerr.sty
Package: infwarerr 2016/05/16 v1.4 Providing info/warning/error messages (HO)
)
(/usr/local/texlive/2017/texmf-dist/tex/generic/oberdiek/ltxcmds.sty
Package: ltxcmds 2016/05/16 v1.23 LaTeX kernel commands for general use (HO)
)
\Gread@gobject=\count87
))
\Gin@req@height=\dimen103
\Gin@req@width=\dimen104
)
(/usr/local/texlive/2017/texmf-dist/tex/latex/amsmath/amsmath.sty
Package: amsmath 2016/11/05 v2.16a AMS math features
\@mathmargin=\skip43

For additional information on amsmath, use the `?' option.
(/usr/local/texlive/2017/texmf-dist/tex/latex/amsmath/amstext.sty
Package: amstext 2000/06/29 v2.01 AMS text

(/usr/local/texlive/2017/texmf-dist/tex/latex/amsmath/amsgen.sty
File: amsgen.sty 1999/11/30 v2.0 generic functions
\@emptytoks=\toks17
\ex@=\dimen105
))
(/usr/local/texlive/2017/texmf-dist/tex/latex/amsmath/amsbsy.sty
Package: amsbsy 1999/11/29 v1.2d Bold Symbols
\pmbraise@=\dimen106
)
(/usr/local/texlive/2017/texmf-dist/tex/latex/amsmath/amsopn.sty
Package: amsopn 2016/03/08 v2.02 operator names
)
\inf@bad=\count88
LaTeX Info: Redefining \frac on input line 213.
\uproot@=\count89
\leftroot@=\count90
LaTeX Info: Redefining \overline on input line 375.
\classnum@=\count91
\DOTSCASE@=\count92
LaTeX Info: Redefining \ldots on input line 472.
LaTeX Info: Redefining \dots on input line 475.
LaTeX Info: Redefining \cdots on input line 596.
\Mathstrutbox@=\box26
\strutbox@=\box27
\big@size=\dimen107
LaTeX Font Info:    Redeclaring font encoding OML on input line 712.
LaTeX Font Info:    Redeclaring font encoding OMS on input line 713.
\macc@depth=\count93
\c@MaxMatrixCols=\count94
\dotsspace@=\muskip10
\c@parentequation=\count95
\dspbrk@lvl=\count96
\tag@help=\toks18
\row@=\count97
\column@=\count98
\maxfields@=\count99
\andhelp@=\toks19
\eqnshift@=\dimen108
\alignsep@=\dimen109
\tagshift@=\dimen110
\tagwidth@=\dimen111
\totwidth@=\dimen112
\lineht@=\dimen113
\@envbody=\toks20
\multlinegap=\skip44
\multlinetaggap=\skip45
\mathdisplay@stack=\toks21
LaTeX Info: Redefining \[ on input line 2817.
LaTeX Info: Redefining \] on input line 2818.
)
(/usr/local/texlive/2017/texmf-dist/tex/latex/caption/subcaption.sty
Package: subcaption 2016/05/22 v1.1-161 Sub-captions (AR)

(/usr/local/texlive/2017/texmf-dist/tex/latex/caption/caption.sty
Package: caption 2016/02/21 v3.3-144 Customizing captions (AR)

(/usr/local/texlive/2017/texmf-dist/tex/latex/caption/caption3.sty
Package: caption3 2016/05/22 v1.7-166 caption3 kernel (AR)
Package caption3 Info: TeX engine: e-TeX on input line 67.
\captionmargin=\dimen114
\captionmargin@=\dimen115
\captionwidth=\dimen116
\caption@tempdima=\dimen117
\caption@indent=\dimen118
\caption@parindent=\dimen119
\caption@hangindent=\dimen120
)
\c@ContinuedFloat=\count100
)
\c@subfigure=\count101
\c@subtable=\count102
)
(/usr/local/texlive/2017/texmf-dist/tex/latex/tools/verbatim.sty
Package: verbatim 2014/10/28 v1.5q LaTeX2e package for verbatim enhancements
\every@verbatim=\toks22
\verbatim@line=\toks23
\verbatim@in@stream=\read1
) (./main.aux)
\openout1 = `main.aux'.

LaTeX Font Info:    Checking defaults for OML/cmm/m/it on input line 9.
LaTeX Font Info:    ... okay on input line 9.
LaTeX Font Info:    Checking defaults for T1/cmr/m/n on input line 9.
LaTeX Font Info:    ... okay on input line 9.
LaTeX Font Info:    Checking defaults for OT1/cmr/m/n on input line 9.
LaTeX Font Info:    ... okay on input line 9.
LaTeX Font Info:    Checking defaults for OMS/cmsy/m/n on input line 9.
LaTeX Font Info:    ... okay on input line 9.
LaTeX Font Info:    Checking defaults for OMX/cmex/m/n on input line 9.
LaTeX Font Info:    ... okay on input line 9.
LaTeX Font Info:    Checking defaults for U/cmr/m/n on input line 9.
LaTeX Font Info:    ... okay on input line 9.

(/usr/local/texlive/2017/texmf-dist/tex/context/base/mkii/supp-pdf.mkii
[Loading MPS to PDF converter (version 2006.09.02).]
\scratchcounter=\count103
\scratchdimen=\dimen121
\scratchbox=\box28
\nofMPsegments=\count104
\nofMParguments=\count105
\everyMPshowfont=\toks24
\MPscratchCnt=\count106
\MPscratchDim=\dimen122
\MPnumerator=\count107
\makeMPintoPDFobject=\count108
\everyMPtoPDFconversion=\toks25
) (/usr/local/texlive/2017/texmf-dist/tex/generic/oberdiek/pdftexcmds.sty
Package: pdftexcmds 2017/03/19 v0.25 Utility functions of pdfTeX for LuaTeX (HO
)

(/usr/local/texlive/2017/texmf-dist/tex/generic/oberdiek/ifluatex.sty
Package: ifluatex 2016/05/16 v1.4 Provides the ifluatex switch (HO)
Package ifluatex Info: LuaTeX not detected.
)
(/usr/local/texlive/2017/texmf-dist/tex/generic/oberdiek/ifpdf.sty
Package: ifpdf 2017/03/15 v3.2 Provides the ifpdf switch
)
Package pdftexcmds Info: LuaTeX not detected.
Package pdftexcmds Info: \pdf@primitive is available.
Package pdftexcmds Info: \pdf@ifprimitive is available.
Package pdftexcmds Info: \pdfdraftmode found.
)
(/usr/local/texlive/2017/texmf-dist/tex/latex/oberdiek/epstopdf-base.sty
Package: epstopdf-base 2016/05/15 v2.6 Base part for package epstopdf

(/usr/local/texlive/2017/texmf-dist/tex/latex/oberdiek/grfext.sty
Package: grfext 2016/05/16 v1.2 Manage graphics extensions (HO)

(/usr/local/texlive/2017/texmf-dist/tex/generic/oberdiek/kvdefinekeys.sty
Package: kvdefinekeys 2016/05/16 v1.4 Define keys (HO)
))
(/usr/local/texlive/2017/texmf-dist/tex/latex/oberdiek/kvoptions.sty
Package: kvoptions 2016/05/16 v3.12 Key value format for package options (HO)

(/usr/local/texlive/2017/texmf-dist/tex/generic/oberdiek/kvsetkeys.sty
Package: kvsetkeys 2016/05/16 v1.17 Key value parser (HO)

(/usr/local/texlive/2017/texmf-dist/tex/generic/oberdiek/etexcmds.sty
Package: etexcmds 2016/05/16 v1.6 Avoid name clashes with e-TeX commands (HO)
Package etexcmds Info: Could not find \expanded.
(etexcmds)             That can mean that you are not using pdfTeX 1.50 or
(etexcmds)             that some package has redefined \expanded.
(etexcmds)             In the latter case, load this package earlier.
)))
Package epstopdf-base Info: Redefining graphics rule for `.eps' on input line 4
38.
Package grfext Info: Graphics extension search list:
(grfext)             [.png,.pdf,.jpg,.mps,.jpeg,.jbig2,.jb2,.PNG,.PDF,.JPG,.JPE
G,.JBIG2,.JB2,.eps]
(grfext)             \AppendGraphicsExtensions on input line 456.

(/usr/local/texlive/2017/texmf-dist/tex/latex/latexconfig/epstopdf-sys.cfg
File: epstopdf-sys.cfg 2010/07/13 v1.3 Configuration of (r)epstopdf for TeX Liv
e
))
Package caption Info: Begin \AtBeginDocument code.
Package caption Info: End \AtBeginDocument code.
File: log.txt  (verbatim)

[1

{/usr/local/texlive/2017/texmf-var/fonts/map/pdftex/updmap/pdftex.map}]
File: Makefile  (verbatim)

Overfull \hbox (794.24007pt too wide) in paragraph at lines 16--16
[]\OT1/cmtt/m/n/10 all: expliciteuler.png globalerrorexp.png totalenergy.png ph
aseexp.png impliciteuler.png globalerrorimp.png totalenergyimp.png phaseimp.png
 truncerror.png phasesymp.png phasesymplarge.png totalenergysym.png numsol.pdf[
] 
 []

[2]
File: main.tex  (verbatim)

Overfull \hbox (48.74657pt too wide) in paragraph at lines 18--18
[]\OT1/cmtt/m/n/10 \title{Physcis 20.3 Numerical Solutions of Ordinary Differen
tial Equations}[] 
 []


Overfull \hbox (715.49075pt too wide) in paragraph at lines 18--18
[]\OT1/cmtt/m/n/10 Figure \ref{fig:expliciteuler} shows a few cycles of oscilla
tion when the explicit Euler method is implemented. This graph was made with in
itial condition set to $h=0.004, N=10000, x_0=2, y_0=2, t_0=0$.[] 
 []


Overfull \hbox (1.49698pt too wide) in paragraph at lines 18--18
[]    \OT1/cmtt/m/n/10 \includegraphics[width = \textwidth]{Images/expliciteule
r.png}[] 
 []


Overfull \hbox (80.24629pt too wide) in paragraph at lines 18--18
[]    \OT1/cmtt/m/n/10 \caption{Motion of a mass on a spring implementing the e
xplicit Euler method}[] 
 []


Overfull \hbox (1308.73558pt too wide) in paragraph at lines 18--18
[]\OT1/cmtt/m/n/10 Rearranging $F=ma=-kx$ we have that $a=-\frac{k}{m}x$. Let $
a=\frac{d^2x}{dt^2}$ and $\frac{k}{m}=\omega^2$. We then have $a=\frac{d^2x}{dt
^2}=\omega^2x$. Using the Ansatz principle we guess that the solution to this e
quation is in its most general form $$x(t)=A\cos{\phi}\cos{\omega t}-A\sin{\phi
}\sin{\omega t}$$.[] 
 []


Overfull \hbox (69.74638pt too wide) in paragraph at lines 18--18
[]\OT1/cmtt/m/n/10 To find the constants $C$ and $D$, substitute $t=0$ into bot
h of the equations.[] 
 []

[3]
Overfull \hbox (227.24501pt too wide) in paragraph at lines 18--18
[]\OT1/cmtt/m/n/10 But because $\omega = 1$ in this case we have that the final
 analytical solution to the mass of the spring is[] 
 []


Overfull \hbox (1371.73503pt too wide) in paragraph at lines 18--18
[]\OT1/cmtt/m/n/10 Figure \ref{fig:globalerrorexp} shows that as the global err
or increases exponentially with time. This graph was made with initial conditio
ns set to $h=0.005, N=50000, x_0=2, y_0=2, t_0=0$. The increasing error could h
ave also been seen at a lower $N$, however, a larger $N$ was chosen tot demonst
rate the exponential increase.[] 
 []


Overfull \hbox (6.74693pt too wide) in paragraph at lines 18--18
[]    \OT1/cmtt/m/n/10 \includegraphics[width = \textwidth]{Images/globalerrore
xp.png}[] 
 []


Overfull \hbox (111.74602pt too wide) in paragraph at lines 18--18
[]    \OT1/cmtt/m/n/10 \caption{Global errors between the analytic solution and
 the explicit Euler method}[] 
 []


Overfull \hbox (1093.48746pt too wide) in paragraph at lines 18--18
[]\OT1/cmtt/m/n/10 Figure \ref{fig:truncerror} shows that the truncation error 
is proportional to $h$ for small values of h. We can see that as h increases, s
o does the truncation error. I chose $h_0=0.001$ and then calculated the error 
for $h_0,h_0/2,h_0/4,h_0/8,h_1/16$ to produce this plot.[] 
 []


Overfull \hbox (95.99615pt too wide) in paragraph at lines 18--18
[]    \OT1/cmtt/m/n/10 \caption{Maximum value of $x_{analytic}-x$ versus $h$ fo
r several different $h$}[] 
 []


Overfull \hbox (3356.21773pt too wide) in paragraph at lines 18--18
[]\OT1/cmtt/m/n/10 One can calculate the normalized total energy of a physical 
system by $E=x^2+ v^2$. Figure \ref{fig:totalenergy} shows how this energy evol
ves over a long period of time. The trend we can see is that the energy increas
es exponentially with time. We can see that this is similar to the global error
 which we also saw to be increasing over time, see figure \ref{fig:globalerrore
xp}. For this physical system we would actually expect the energy to remain con
stant as energy should be conserved. However, it is evident that due to the exp
onentially increasing error, E also increases exponentially. The parameters use
d for the plot of figure \ref{fig:totalenergy} are $h=0.004, N=100000, x_0=2, y
_0=2, t_0=0$.[] 
 []


Overfull \hbox (106.49606pt too wide) in paragraph at lines 18--18
[]    \OT1/cmtt/m/n/10 \caption{Long term evolution of the total energy with ti
me, explicit Euler method}[] 
 []


Overfull \hbox (410.99341pt too wide) in paragraph at lines 18--18
[]\OT1/cmtt/m/n/10 The implicit Euler method requires the unknown values of $x_
{i+1}$ to update the known values of $x_i$. This can be encoded in the linear s
ystem[] 
 []

[4]
Overfull \hbox (563.24208pt too wide) in paragraph at lines 18--18
[]\OT1/cmtt/m/n/10 However, we want to find an expression for the unknown $x_{i
+1}$ in terms of the known value $x_i$. To do this we must first find the inver
se of the first matrix. This gives[] 
 []


Overfull \hbox (363.74382pt too wide) in paragraph at lines 18--18
[]\OT1/cmtt/m/n/10 We can then use this inverse matrix to find the values of $x
_{i+1}$ and $v_{i+1}$ in terms of $x_i$ and $v_i$. We get the linear system[] 
 []

[5]
Overfull \hbox (143.24574pt too wide) in paragraph at lines 18--18
[]\OT1/cmtt/m/n/10 Using equation \ref{linsys2} we can get the implicit Euler m
ethod in terms of $x_i$ and $v_i$[] 
 []


Overfull \hbox (137.99579pt too wide) in paragraph at lines 18--18
[]    \OT1/cmtt/m/n/10 x_{i+1}=\frac{x_i}{1+h^2}+\frac{v_i}{1+h^2}, v_{i+1}=\fr
ac{v_i}{1+h^2}-\frac{x_i}{1+h^2}[] 
 []


Overfull \hbox (1198.48654pt too wide) in paragraph at lines 18--18
[]\OT1/cmtt/m/n/10 If we plot these expressions much we get a graph like in fig
ure \ref{fig:impliciteuler}. This plot looks extremely similar to the plot gene
rated when implementing the explicit Euler equations. We can compare it to figu
re \ref{fig:expliciteuler} because the parameters used are exactly the same.[] 

 []


Overfull \hbox (1.49698pt too wide) in paragraph at lines 18--18
[]    \OT1/cmtt/m/n/10 \includegraphics[width = \textwidth]{Images/impliciteule
r.png}[] 
 []


Overfull \hbox (2295.72697pt too wide) in paragraph at lines 18--18
[]\OT1/cmtt/m/n/10 If we plot the global errors generated using the implicit fu
nctions wee get a graph like in fig \ref{fig:globalerrorimp}. This graph shows 
an evolution of total energy similar to figure \ref{fig:globalerrorexp} for the
 explicit Euler equation. However, the error does not exponentially increase li
ke in figure \ref{fig:globalerrorexp}, instead it first increases and then tail
s off in a logarithmic fashion. Again, the graphs are comparable because I used
 the same parameters as for the explicit method.[] 
 []


Overfull \hbox (6.74693pt too wide) in paragraph at lines 18--18
[]    \OT1/cmtt/m/n/10 \includegraphics[width = \textwidth]{Images/globalerrori
mp.png}[] 
 []


Overfull \hbox (111.74602pt too wide) in paragraph at lines 18--18
[]    \OT1/cmtt/m/n/10 \caption{Global errors between the analytic solution and
 the implicit Euler method}[] 
 []


Overfull \hbox (2405.97601pt too wide) in paragraph at lines 18--18
[]\OT1/cmtt/m/n/10 Unlike in figure \ref{fig:totalenergy} for the explicit Eule
r equation, where the energy grew exponentially, the energy in figure \ref{fig:
totalenergyimp} decreases exponentially. Again, the energy is not constant. Thu
s, the implicit Euler method also does not model the physical system such that 
energy is conserved. We saw that the error instead of increasing exponentially 
only had a logarithmic increase. It is because of this that we see a decrease i
n energy and the errors become greater for the implicit Euler method.[] 
 []


Overfull \hbox (6.74693pt too wide) in paragraph at lines 18--18
[]    \OT1/cmtt/m/n/10 \includegraphics[width = \textwidth]{Images/totalenergyi
mp.png}[] 
 []


Overfull \hbox (106.49606pt too wide) in paragraph at lines 18--18
[]    \OT1/cmtt/m/n/10 \caption{Long term evolution of the total energy with ti
me, implicit Euler method}[] 
 []


Overfull \hbox (2363.97638pt too wide) in paragraph at lines 18--18
[]\OT1/cmtt/m/n/10 Figure \ref{fig:phase} shows very clearly that the errors in
 the explicit method deviate positively and the errors in the implicit method d
eviate negatively. We can see this because in the explicit Euler phase-space th
e deviation from the analytic solutions are towards the outside of the circle. 
This means that there are always positive errors calculated by this solution. O
n the other hand, for the implicit Euler method, the deviations are inside the 
orange circle and therefore, the errors were always negative.[] 
 []


Overfull \hbox (43.49661pt too wide) in paragraph at lines 18--18
[]    \OT1/cmtt/m/n/10 \caption{Phase-space trajectory produces by the explicit
 Euler method}[] 
 []


Overfull \hbox (43.49661pt too wide) in paragraph at lines 18--18
[]    \OT1/cmtt/m/n/10 \caption{Phase-space trajectory produces by the implicit
 Euler method}[] 
 []


Overfull \hbox (589.49185pt too wide) in paragraph at lines 18--18
[]    \OT1/cmtt/m/n/10 \caption{Phase-space trajectories produced by the implic
it and explicit Euler methods. The orange circle in both represents the traject
ory produced by the analytic solutions}[] 
 []

[6]
Overfull \hbox (2768.22285pt too wide) in paragraph at lines 18--18
[]\OT1/cmtt/m/n/10 When the phase space for the symplectic method is plotted al
ong side the analytic for the value of $h=0.004$ that was also used in figure \
ref{fig:phase}, we can see no difference between the analytic solutions and the
 solutions generated by the symplectic method. However, if the value of $h$ is 
decreased to $h=0.04$ we have figure \ref{fig:phasesymp}(b). The circle of the 
symplectic method slightly deviates from the analytic solutions, however, it co
rrects itself and returns back. Thus, it never diverges in one particular direc
tion from the orange circle like in figure \ref{fig:phase}.[] 
 []


Overfull \hbox (90.7462pt too wide) in paragraph at lines 18--18
[]    \OT1/cmtt/m/n/10 \caption{Phase-space trajectory produced by the symplect
ic method at $h=0.004$}[] 
 []


Overfull \hbox (1.49698pt too wide) in paragraph at lines 18--18
[]    \OT1/cmtt/m/n/10 \includegraphics[width =\textwidth]{Images/phasesymplarg
e.png}[] 
 []


Overfull \hbox (85.49625pt too wide) in paragraph at lines 18--18
[]    \OT1/cmtt/m/n/10 \caption{Phase-space trajectory produced by the symplect
ic method at $h=0.04$}[] 
 []


Overfull \hbox (668.24117pt too wide) in paragraph at lines 18--18
[]    \OT1/cmtt/m/n/10 \caption{Phase-space trajectories produced by the symple
ctic Euler method at different values of $h$. The orange circle in both represe
nts the trajectory produced by the analytic solutions}[] 
 []


Overfull \hbox (5046.70299pt too wide) in paragraph at lines 18--18
[]\OT1/cmtt/m/n/10 Figure \ref{fig:totalenergysym} shows the long term evolutio
n of the total energy of the symplectic Euler method compared to the analytical
 total energy. The analytic energy holds a constant value as expected because e
nergy is conserved in the physical system. We can see that the energy of the sy
mplectic grows, however when it reaches a certain height it returns to the tota
l energy for the analytic solution. This suggests that the error of the symplec
tic method is in a sense, self-correcting. Although it does not fully conserve 
energy, it returns back to a given point. And therefore it never diverges signi
ficantly like in the explicit or implicit Euler methods. We can also relate fig
ure \ref{fig:totalenergysym} to \ref{fig:phasesymp}(b). The way the energy erro
r is corrected back is similar to the way that the symplectic trajectory deviat
ed yet returned to the trajectory of the analytic solution. This suggests that 
the error created by the symplectic method is both positive and negative and th
us self-correcting.[] 
 []

<Images/expliciteuler.png, id=26, 462.528pt x 346.896pt>
File: Images/expliciteuler.png Graphic file (type png)

<use Images/expliciteuler.png>
Package pdftex.def Info: Images/expliciteuler.png used on input line 23.
(pdftex.def)             Requested size: 345.0pt x 258.76335pt.


LaTeX Warning: `h' float specifier changed to `ht'.

[7] <Images/globalerrorexp.png, id=37, 462.528pt x 346.896pt>
File: Images/globalerrorexp.png Graphic file (type png)

<use Images/globalerrorexp.png>
Package pdftex.def Info: Images/globalerrorexp.png used on input line 54.
(pdftex.def)             Requested size: 345.0pt x 258.76335pt.


LaTeX Warning: `h' float specifier changed to `ht'.

<Images/truncerror.png, id=38, 462.528pt x 346.896pt>
File: Images/truncerror.png Graphic file (type png)

<use Images/truncerror.png>
Package pdftex.def Info: Images/truncerror.png used on input line 63.
(pdftex.def)             Requested size: 345.0pt x 258.76335pt.
 [8 <./Images/expliciteuler.png>]

LaTeX Warning: `h' float specifier changed to `ht'.

<Images/totalenergy.png, id=43, 462.528pt x 346.896pt>
File: Images/totalenergy.png Graphic file (type png)

<use Images/totalenergy.png>
Package pdftex.def Info: Images/totalenergy.png used on input line 72.
(pdftex.def)             Requested size: 345.0pt x 258.76335pt.


LaTeX Warning: `h' float specifier changed to `ht'.

[9 <./Images/globalerrorexp.png>] [10 <./Images/truncerror.png>]
<Images/impliciteuler.png, id=54, 462.528pt x 346.896pt>
File: Images/impliciteuler.png Graphic file (type png)

<use Images/impliciteuler.png>
Package pdftex.def Info: Images/impliciteuler.png used on input line 139.
(pdftex.def)             Requested size: 345.0pt x 258.76335pt.


LaTeX Warning: `h' float specifier changed to `ht'.

<Images/globalerrorimp.png, id=55, 462.528pt x 346.896pt>
File: Images/globalerrorimp.png Graphic file (type png)

<use Images/globalerrorimp.png>
Package pdftex.def Info: Images/globalerrorimp.png used on input line 147.
(pdftex.def)             Requested size: 345.0pt x 258.76335pt.


LaTeX Warning: `h' float specifier changed to `ht'.

<Images/totalenergyimp.png, id=56, 462.528pt x 346.896pt>
File: Images/totalenergyimp.png Graphic file (type png)

<use Images/totalenergyimp.png>
Package pdftex.def Info: Images/totalenergyimp.png used on input line 155.
(pdftex.def)             Requested size: 345.0pt x 258.76335pt.
 [11 <./Images/totalenergy.png>]

LaTeX Warning: `h' float specifier changed to `ht'.

<Images/phaseexp.png, id=61, 462.528pt x 346.896pt>
File: Images/phaseexp.png Graphic file (type png)
 <use Images/phaseexp.png>
Package pdftex.def Info: Images/phaseexp.png used on input line 165.
(pdftex.def)             Requested size: 241.49895pt x 181.12799pt.

<Images/phaseimp.png, id=62, 462.528pt x 346.896pt>
File: Images/phaseimp.png Graphic file (type png)
 <use Images/phaseimp.png>
Package pdftex.def Info: Images/phaseimp.png used on input line 169.
(pdftex.def)             Requested size: 241.49895pt x 181.12799pt.


LaTeX Warning: `h' float specifier changed to `ht'.

<Images/phasesymp.png, id=63, 462.528pt x 346.896pt>
File: Images/phasesymp.png Graphic file (type png)

<use Images/phasesymp.png>
Package pdftex.def Info: Images/phasesymp.png used on input line 181.
(pdftex.def)             Requested size: 172.5pt x 129.37639pt.

<Images/phasesymplarge.png, id=64, 462.528pt x 346.896pt>
File: Images/phasesymplarge.png Graphic file (type png)

<use Images/phasesymplarge.png>
Package pdftex.def Info: Images/phasesymplarge.png used on input line 185.
(pdftex.def)             Requested size: 172.5pt x 129.37639pt.

Overfull \hbox (2.22221pt too wide) in paragraph at lines 180--188
[]$[]$ $[]$ 
 []

[12 <./Images/impliciteuler.png>]

LaTeX Warning: `h' float specifier changed to `ht'.


LaTeX Warning: Reference `fig:totalenergysym' on page 13 undefined on input lin
e 192.


LaTeX Warning: Reference `fig:totalenergysym' on page 13 undefined on input lin
e 192.

[13 <./Images/globalerrorimp.png>] [14 <./Images/totalenergyimp.png>] [15 <./Im
ages/phaseexp.png> <./Images/phaseimp.png>] [16 <./Images/phasesymp.png> <./Ima
ges/phasesymplarge.png>] (./main.aux)

LaTeX Warning: There were undefined references.

 ) 
Here is how much of TeX's memory you used:
 3641 strings out of 492995
 53559 string characters out of 6132703
 122230 words of memory out of 5000000
 7139 multiletter control sequences out of 15000+600000
 10328 words of font info for 38 fonts, out of 8000000 for 9000
 1141 hyphenation exceptions out of 8191
 42i,8n,40p,1064b,465s stack positions out of 5000i,500n,10000p,200000b,80000s
</usr/local/texlive/2017/texmf-dist/fonts/type1/public/amsfonts/cm/cmbx10.pfb
></usr/local/texlive/2017/texmf-dist/fonts/type1/public/amsfonts/cm/cmbx12.pfb>
</usr/local/texlive/2017/texmf-dist/fonts/type1/public/amsfonts/cm/cmex10.pfb><
/usr/local/texlive/2017/texmf-dist/fonts/type1/public/amsfonts/cm/cmmi10.pfb></
usr/local/texlive/2017/texmf-dist/fonts/type1/public/amsfonts/cm/cmmi7.pfb></us
r/local/texlive/2017/texmf-dist/fonts/type1/public/amsfonts/cm/cmmi9.pfb></usr/
local/texlive/2017/texmf-dist/fonts/type1/public/amsfonts/cm/cmr10.pfb></usr/lo
cal/texlive/2017/texmf-dist/fonts/type1/public/amsfonts/cm/cmr12.pfb></usr/loca
l/texlive/2017/texmf-dist/fonts/type1/public/amsfonts/cm/cmr17.pfb></usr/local/
texlive/2017/texmf-dist/fonts/type1/public/amsfonts/cm/cmr5.pfb></usr/local/tex
live/2017/texmf-dist/fonts/type1/public/amsfonts/cm/cmr7.pfb></usr/local/texliv
e/2017/texmf-dist/fonts/type1/public/amsfonts/cm/cmr9.pfb></usr/local/texlive/2
017/texmf-dist/fonts/type1/public/amsfonts/cm/cmsy10.pfb></usr/local/texlive/20
17/texmf-dist/fonts/type1/public/amsfonts/cm/cmsy7.pfb></usr/local/texlive/2017
/texmf-dist/fonts/type1/public/amsfonts/cm/cmtt10.pfb>
Output written on main.pdf (16 pages, 702349 bytes).
PDF statistics:
 139 PDF objects out of 1000 (max. 8388607)
 83 compressed objects within 1 object stream
 0 named destinations out of 1000 (max. 500000)
 56 words of extra memory for PDF output out of 10000 (max. 10000000)

